kotlin version: 1.9.22
error message: org.jetbrains.kotlin.backend.common.BackendException: Backend Internal error: Exception during IR lowering
File being compiled: /Users/admin/Downloads/VSCode/ChessTrainer/app/src/main/java/com/chesstrainer/ui/GameScreen.kt
The root cause java.io.FileNotFoundException was thrown at: java.base/java.io.FileInputStream.open0(Native Method)
	at org.jetbrains.kotlin.backend.common.CodegenUtil.reportBackendException(CodegenUtil.kt:253)
	at org.jetbrains.kotlin.backend.common.CodegenUtil.reportBackendException$default(CodegenUtil.kt:237)
	at org.jetbrains.kotlin.backend.common.phaser.PerformByIrFilePhase.invokeSequential(performByIrFile.kt:65)
	at org.jetbrains.kotlin.backend.common.phaser.PerformByIrFilePhase.invoke(performByIrFile.kt:52)
	at org.jetbrains.kotlin.backend.common.phaser.PerformByIrFilePhase.invoke(performByIrFile.kt:38)
	at org.jetbrains.kotlin.backend.common.phaser.NamedCompilerPhase.phaseBody(CompilerPhase.kt:147)
	at org.jetbrains.kotlin.backend.common.phaser.AbstractNamedCompilerPhase.invoke(CompilerPhase.kt:94)
	at org.jetbrains.kotlin.backend.common.phaser.CompositePhase.invoke(PhaseBuilders.kt:29)
	at org.jetbrains.kotlin.backend.common.phaser.CompositePhase.invoke(PhaseBuilders.kt:16)
	at org.jetbrains.kotlin.backend.common.phaser.NamedCompilerPhase.phaseBody(CompilerPhase.kt:147)
	at org.jetbrains.kotlin.backend.common.phaser.AbstractNamedCompilerPhase.invoke(CompilerPhase.kt:94)
	at org.jetbrains.kotlin.backend.common.phaser.CompilerPhaseKt.invokeToplevel(CompilerPhase.kt:43)
	at org.jetbrains.kotlin.backend.jvm.JvmIrCodegenFactory.invokeLowerings(JvmIrCodegenFactory.kt:348)
	at org.jetbrains.kotlin.cli.jvm.compiler.KotlinToJVMBytecodeCompiler.runLowerings(KotlinToJVMBytecodeCompiler.kt:330)
	at org.jetbrains.kotlin.cli.jvm.compiler.KotlinToJVMBytecodeCompiler.compileModules$cli(KotlinToJVMBytecodeCompiler.kt:114)
	at org.jetbrains.kotlin.cli.jvm.compiler.KotlinToJVMBytecodeCompiler.compileModules$cli$default(KotlinToJVMBytecodeCompiler.kt:43)
	at org.jetbrains.kotlin.cli.jvm.K2JVMCompiler.doExecute(K2JVMCompiler.kt:165)
	at org.jetbrains.kotlin.cli.jvm.K2JVMCompiler.doExecute(K2JVMCompiler.kt:50)
	at org.jetbrains.kotlin.cli.common.CLICompiler.execImpl(CLICompiler.kt:104)
	at org.jetbrains.kotlin.cli.common.CLICompiler.execImpl(CLICompiler.kt:48)
	at org.jetbrains.kotlin.cli.common.CLITool.exec(CLITool.kt:101)
	at org.jetbrains.kotlin.incremental.IncrementalJvmCompilerRunner.runCompiler(IncrementalJvmCompilerRunner.kt:463)
	at org.jetbrains.kotlin.incremental.IncrementalJvmCompilerRunner.runCompiler(IncrementalJvmCompilerRunner.kt:62)
	at org.jetbrains.kotlin.incremental.IncrementalCompilerRunner.doCompile(IncrementalCompilerRunner.kt:477)
	at org.jetbrains.kotlin.incremental.IncrementalCompilerRunner.compileImpl(IncrementalCompilerRunner.kt:400)
	at org.jetbrains.kotlin.incremental.IncrementalCompilerRunner.tryCompileIncrementally$lambda$6$compile(IncrementalCompilerRunner.kt:231)
	at org.jetbrains.kotlin.incremental.IncrementalCompilerRunner.tryCompileIncrementally(IncrementalCompilerRunner.kt:247)
	at org.jetbrains.kotlin.incremental.IncrementalCompilerRunner.compile(IncrementalCompilerRunner.kt:116)
	at org.jetbrains.kotlin.daemon.CompileServiceImplBase.execIncrementalCompiler(CompileServiceImpl.kt:657)
	at org.jetbrains.kotlin.daemon.CompileServiceImplBase.access$execIncrementalCompiler(CompileServiceImpl.kt:105)
	at org.jetbrains.kotlin.daemon.CompileServiceImpl.compile(CompileServiceImpl.kt:1624)
	at java.base/jdk.internal.reflect.NativeMethodAccessorImpl.invoke0(Native Method)
	at java.base/jdk.internal.reflect.NativeMethodAccessorImpl.invoke(NativeMethodAccessorImpl.java:77)
	at java.base/jdk.internal.reflect.DelegatingMethodAccessorImpl.invoke(DelegatingMethodAccessorImpl.java:43)
	at java.base/java.lang.reflect.Method.invoke(Method.java:569)
	at java.rmi/sun.rmi.server.UnicastServerRef.dispatch(UnicastServerRef.java:360)
	at java.rmi/sun.rmi.transport.Transport$1.run(Transport.java:200)
	at java.rmi/sun.rmi.transport.Transport$1.run(Transport.java:197)
	at java.base/java.security.AccessController.doPrivileged(AccessController.java:712)
	at java.rmi/sun.rmi.transport.Transport.serviceCall(Transport.java:196)
	at java.rmi/sun.rmi.transport.tcp.TCPTransport.handleMessages(TCPTransport.java:587)
	at java.rmi/sun.rmi.transport.tcp.TCPTransport$ConnectionHandler.run0(TCPTransport.java:828)
	at java.rmi/sun.rmi.transport.tcp.TCPTransport$ConnectionHandler.lambda$run$0(TCPTransport.java:705)
	at java.base/java.security.AccessController.doPrivileged(AccessController.java:399)
	at java.rmi/sun.rmi.transport.tcp.TCPTransport$ConnectionHandler.run(TCPTransport.java:704)
	at java.base/java.util.concurrent.ThreadPoolExecutor.runWorker(ThreadPoolExecutor.java:1136)
	at java.base/java.util.concurrent.ThreadPoolExecutor$Worker.run(ThreadPoolExecutor.java:635)
	at java.base/java.lang.Thread.run(Thread.java:840)
Caused by: java.io.FileNotFoundException: /Users/admin/Downloads/VSCode/ChessTrainer/app/build/tmp/kotlin-classes/debug/com/chesstrainer/ui/ChessBoardKt.class (No such file or directory)
	at java.base/java.io.FileInputStream.open0(Native Method)
	at java.base/java.io.FileInputStream.open(FileInputStream.java:216)
	at java.base/java.io.FileInputStream.<init>(FileInputStream.java:157)
	at org.jetbrains.kotlin.com.intellij.openapi.util.io.FileUtil.loadFileBytes(FileUtil.java:204)
	at org.jetbrains.kotlin.com.intellij.openapi.vfs.local.CoreLocalVirtualFile.contentsToByteArray(CoreLocalVirtualFile.java:98)
	at org.jetbrains.kotlin.codegen.InlineClassesCodegenUtilKt.classFileContainsMethod(inlineClassesCodegenUtil.kt:63)
	at org.jetbrains.kotlin.backend.jvm.ir.JvmIrUtilsKt.classFileContainsMethod(JvmIrUtils.kt:495)
	at org.jetbrains.kotlin.backend.jvm.MemoizedInlineClassReplacements.buildReplacement(MemoizedInlineClassReplacements.kt:229)
	at org.jetbrains.kotlin.backend.jvm.MemoizedInlineClassReplacements.buildReplacement$default(MemoizedInlineClassReplacements.kt:217)
	at org.jetbrains.kotlin.backend.jvm.MemoizedInlineClassReplacements.createMethodReplacement(MemoizedInlineClassReplacements.kt:163)
	at org.jetbrains.kotlin.backend.jvm.MemoizedInlineClassReplacements$getReplacementFunctionImpl$1.invoke(MemoizedInlineClassReplacements.kt:83)
	at org.jetbrains.kotlin.backend.jvm.MemoizedInlineClassReplacements$getReplacementFunctionImpl$1.invoke(MemoizedInlineClassReplacements.kt:47)
	at org.jetbrains.kotlin.storage.LockBasedStorageManager$MapBasedMemoizedFunction.invoke(LockBasedStorageManager.java:578)
	at org.jetbrains.kotlin.backend.jvm.MemoizedValueClassAbstractReplacements.getReplacementFunction(MemoizedValueClassAbstractReplacements.kt:32)
	at org.jetbrains.kotlin.backend.jvm.lower.JvmInlineClassLowering.visitFunctionAccess(JvmInlineClassLowering.kt:241)
	at org.jetbrains.kotlin.ir.visitors.IrElementTransformerVoid.visitCall(IrElementTransformerVoid.kt:214)
	at org.jetbrains.kotlin.backend.jvm.lower.JvmInlineClassLowering.visitCall(JvmInlineClassLowering.kt:361)
	at org.jetbrains.kotlin.ir.visitors.IrElementTransformerVoid.visitCall(IrElementTransformerVoid.kt:215)
	at org.jetbrains.kotlin.ir.visitors.IrElementTransformerVoid.visitCall(IrElementTransformerVoid.kt:24)
	at org.jetbrains.kotlin.ir.expressions.IrCall.accept(IrCall.kt:26)
	at org.jetbrains.kotlin.ir.expressions.IrExpression.transform(IrExpression.kt:31)
	at org.jetbrains.kotlin.ir.expressions.IrExpression.transform(IrExpression.kt:22)
	at org.jetbrains.kotlin.ir.IrElementsKt.transformStatement(IrElements.kt:11)
	at org.jetbrains.kotlin.backend.jvm.lower.JvmValueClassAbstractLowering.visitStatementContainer$backend_jvm_lower(JvmValueClassAbstractLowering.kt:147)
	at org.jetbrains.kotlin.backend.jvm.lower.JvmValueClassAbstractLowering.visitContainerExpression(JvmValueClassAbstractLowering.kt:158)
	at org.jetbrains.kotlin.ir.visitors.IrElementTransformerVoid.visitComposite(IrElementTransformerVoid.kt:172)
	at org.jetbrains.kotlin.backend.jvm.lower.JvmValueClassAbstractLowering.visitComposite(JvmValueClassAbstractLowering.kt:273)
	at org.jetbrains.kotlin.ir.visitors.IrElementTransformerVoid.visitComposite(IrElementTransformerVoid.kt:173)
	at org.jetbrains.kotlin.ir.visitors.IrElementTransformerVoid.visitComposite(IrElementTransformerVoid.kt:24)
	at org.jetbrains.kotlin.ir.expressions.IrComposite.accept(IrComposite.kt:20)
	at org.jetbrains.kotlin.ir.expressions.IrExpression.transform(IrExpression.kt:31)
	at org.jetbrains.kotlin.ir.expressions.IrExpression.transform(IrExpression.kt:22)
	at org.jetbrains.kotlin.ir.IrElementsKt.transformStatement(IrElements.kt:11)
	at org.jetbrains.kotlin.backend.jvm.lower.JvmValueClassAbstractLowering.visitStatementContainer$backend_jvm_lower(JvmValueClassAbstractLowering.kt:147)
	at org.jetbrains.kotlin.backend.jvm.lower.JvmValueClassAbstractLowering.visitContainerExpression(JvmValueClassAbstractLowering.kt:158)
	at org.jetbrains.kotlin.ir.visitors.IrElementTransformerVoid.visitBlock(IrElementTransformerVoid.kt:169)
	at org.jetbrains.kotlin.backend.jvm.lower.JvmValueClassAbstractLowering.visitBlock(JvmValueClassAbstractLowering.kt:272)
	at org.jetbrains.kotlin.ir.visitors.IrElementTransformerVoid.visitBlock(IrElementTransformerVoid.kt:170)
	at org.jetbrains.kotlin.ir.visitors.IrElementTransformerVoid.visitBlock(IrElementTransformerVoid.kt:24)
	at org.jetbrains.kotlin.ir.expressions.IrBlock.accept(IrBlock.kt:20)
	at org.jetbrains.kotlin.ir.expressions.IrExpression.transform(IrExpression.kt:31)
	at org.jetbrains.kotlin.ir.expressions.IrExpression.transform(IrExpression.kt:22)
	at org.jetbrains.kotlin.ir.IrElementsKt.transformStatement(IrElements.kt:11)
	at org.jetbrains.kotlin.backend.jvm.lower.JvmValueClassAbstractLowering.visitStatementContainer$backend_jvm_lower(JvmValueClassAbstractLowering.kt:147)
	at org.jetbrains.kotlin.backend.jvm.lower.JvmValueClassAbstractLowering.visitBlockBody(JvmValueClassAbstractLowering.kt:163)
	at org.jetbrains.kotlin.ir.visitors.IrElementTransformerVoid.visitBlockBody(IrElementTransformerVoid.kt:118)
	at org.jetbrains.kotlin.ir.visitors.IrElementTransformerVoid.visitBlockBody(IrElementTransformerVoid.kt:24)
	at org.jetbrains.kotlin.ir.expressions.IrBlockBody.accept(IrBlockBody.kt:25)
	at org.jetbrains.kotlin.ir.expressions.IrBody.transform(IrBody.kt:22)
	at org.jetbrains.kotlin.ir.declarations.IrFunction.transformChildren(IrFunction.kt:62)
	at org.jetbrains.kotlin.ir.visitors.IrElementTransformerVoidKt.transformChildrenVoid(IrElementTransformerVoid.kt:346)
	at org.jetbrains.kotlin.ir.visitors.IrElementTransformerVoid.transformChildrenVoid(IrElementTransformerVoid.kt:341)
	at org.jetbrains.kotlin.backend.jvm.lower.JvmValueClassAbstractLowering.transformFunctionFlat(JvmValueClassAbstractLowering.kt:48)
	at org.jetbrains.kotlin.backend.jvm.lower.JvmValueClassAbstractLowering.visitStatementContainer$backend_jvm_lower(JvmValueClassAbstractLowering.kt:146)
	at org.jetbrains.kotlin.backend.jvm.lower.JvmValueClassAbstractLowering.visitContainerExpression(JvmValueClassAbstractLowering.kt:158)
	at org.jetbrains.kotlin.ir.visitors.IrElementTransformerVoid.visitBlock(IrElementTransformerVoid.kt:169)
	at org.jetbrains.kotlin.backend.jvm.lower.JvmValueClassAbstractLowering.visitBlock(JvmValueClassAbstractLowering.kt:272)
	at org.jetbrains.kotlin.ir.visitors.IrElementTransformerVoid.visitBlock(IrElementTransformerVoid.kt:170)
	at org.jetbrains.kotlin.ir.visitors.IrElementTransformerVoid.visitBlock(IrElementTransformerVoid.kt:24)
	at org.jetbrains.kotlin.ir.expressions.IrBlock.accept(IrBlock.kt:20)
	at org.jetbrains.kotlin.ir.expressions.IrExpression.transform(IrExpression.kt:31)
	at org.jetbrains.kotlin.ir.expressions.IrExpression.transform(IrExpression.kt:22)
	at org.jetbrains.kotlin.ir.util.TransformKt.transformInPlace(transform.kt:45)
	at org.jetbrains.kotlin.ir.expressions.IrMemberAccessExpression.transformChildren(IrMemberAccessExpression.kt:50)
	at org.jetbrains.kotlin.ir.visitors.IrElementTransformerVoid.visitExpression(IrElementTransformerVoid.kt:131)
	at org.jetbrains.kotlin.backend.jvm.lower.JvmValueClassAbstractLowering.visitExpression(JvmValueClassAbstractLowering.kt:264)
	at org.jetbrains.kotlin.ir.visitors.IrElementTransformerVoid.visitDeclarationReference(IrElementTransformerVoid.kt:178)
	at org.jetbrains.kotlin.backend.jvm.lower.JvmValueClassAbstractLowering.visitDeclarationReference(JvmValueClassAbstractLowering.kt:274)
	at org.jetbrains.kotlin.ir.visitors.IrElementTransformerVoid.visitMemberAccess(IrElementTransformerVoid.kt:208)
	at org.jetbrains.kotlin.backend.jvm.lower.JvmValueClassAbstractLowering.visitMemberAccess(JvmValueClassAbstractLowering.kt:280)
	at org.jetbrains.kotlin.ir.visitors.IrElementTransformerVoid.visitFunctionAccess(IrElementTransformerVoid.kt:211)
	at org.jetbrains.kotlin.backend.jvm.lower.JvmInlineClassLowering.visitFunctionAccess(JvmInlineClassLowering.kt:242)
	at org.jetbrains.kotlin.ir.visitors.IrElementTransformerVoid.visitCall(IrElementTransformerVoid.kt:214)
	at org.jetbrains.kotlin.backend.jvm.lower.JvmInlineClassLowering.visitCall(JvmInlineClassLowering.kt:361)
	at org.jetbrains.kotlin.ir.visitors.IrElementTransformerVoid.visitCall(IrElementTransformerVoid.kt:215)
	at org.jetbrains.kotlin.ir.visitors.IrElementTransformerVoid.visitCall(IrElementTransformerVoid.kt:24)
	at org.jetbrains.kotlin.ir.expressions.IrCall.accept(IrCall.kt:26)
	at org.jetbrains.kotlin.ir.expressions.IrExpression.transform(IrExpression.kt:31)
	at org.jetbrains.kotlin.ir.expressions.IrExpression.transform(IrExpression.kt:22)
	at org.jetbrains.kotlin.ir.IrElementsKt.transformStatement(IrElements.kt:11)
	at org.jetbrains.kotlin.backend.jvm.lower.JvmValueClassAbstractLowering.visitStatementContainer$backend_jvm_lower(JvmValueClassAbstractLowering.kt:147)
	at org.jetbrains.kotlin.backend.jvm.lower.JvmValueClassAbstractLowering.visitContainerExpression(JvmValueClassAbstractLowering.kt:158)
	at org.jetbrains.kotlin.ir.visitors.IrElementTransformerVoid.visitComposite(IrElementTransformerVoid.kt:172)
	at org.jetbrains.kotlin.backend.jvm.lower.JvmValueClassAbstractLowering.visitComposite(JvmValueClassAbstractLowering.kt:273)
	at org.jetbrains.kotlin.ir.visitors.IrElementTransformerVoid.visitComposite(IrElementTransformerVoid.kt:173)
	at org.jetbrains.kotlin.ir.visitors.IrElementTransformerVoid.visitComposite(IrElementTransformerVoid.kt:24)
	at org.jetbrains.kotlin.ir.expressions.IrComposite.accept(IrComposite.kt:20)
	at org.jetbrains.kotlin.ir.expressions.IrExpression.transform(IrExpression.kt:31)
	at org.jetbrains.kotlin.ir.expressions.IrExpression.transform(IrExpression.kt:22)
	at org.jetbrains.kotlin.ir.IrElementsKt.transformStatement(IrElements.kt:11)
	at org.jetbrains.kotlin.backend.jvm.lower.JvmValueClassAbstractLowering.visitStatementContainer$backend_jvm_lower(JvmValueClassAbstractLowering.kt:147)
	at org.jetbrains.kotlin.backend.jvm.lower.JvmValueClassAbstractLowering.visitContainerExpression(JvmValueClassAbstractLowering.kt:158)
	at org.jetbrains.kotlin.ir.visitors.IrElementTransformerVoid.visitBlock(IrElementTransformerVoid.kt:169)
	at org.jetbrains.kotlin.backend.jvm.lower.JvmValueClassAbstractLowering.visitBlock(JvmValueClassAbstractLowering.kt:272)
	at org.jetbrains.kotlin.ir.visitors.IrElementTransformerVoid.visitBlock(IrElementTransformerVoid.kt:170)
	at org.jetbrains.kotlin.ir.visitors.IrElementTransformerVoid.visitBlock(IrElementTransformerVoid.kt:24)
	at org.jetbrains.kotlin.ir.expressions.IrBlock.accept(IrBlock.kt:20)
	at org.jetbrains.kotlin.ir.expressions.IrExpression.transform(IrExpression.kt:31)
	at org.jetbrains.kotlin.ir.expressions.IrExpression.transform(IrExpression.kt:22)
	at org.jetbrains.kotlin.ir.IrElementsKt.transformStatement(IrElements.kt:11)
	at org.jetbrains.kotlin.backend.jvm.lower.JvmValueClassAbstractLowering.visitStatementContainer$backend_jvm_lower(JvmValueClassAbstractLowering.kt:147)
	at org.jetbrains.kotlin.backend.jvm.lower.JvmValueClassAbstractLowering.visitBlockBody(JvmValueClassAbstractLowering.kt:163)
	at org.jetbrains.kotlin.ir.visitors.IrElementTransformerVoid.visitBlockBody(IrElementTransformerVoid.kt:118)
	at org.jetbrains.kotlin.ir.visitors.IrElementTransformerVoid.visitBlockBody(IrElementTransformerVoid.kt:24)
	at org.jetbrains.kotlin.ir.expressions.IrBlockBody.accept(IrBlockBody.kt:25)
	at org.jetbrains.kotlin.ir.expressions.IrBody.transform(IrBody.kt:22)
	at org.jetbrains.kotlin.ir.declarations.IrFunction.transformChildren(IrFunction.kt:62)
	at org.jetbrains.kotlin.ir.visitors.IrElementTransformerVoidKt.transformChildrenVoid(IrElementTransformerVoid.kt:346)
	at org.jetbrains.kotlin.ir.visitors.IrElementTransformerVoid.transformChildrenVoid(IrElementTransformerVoid.kt:341)
	at org.jetbrains.kotlin.backend.jvm.lower.JvmValueClassAbstractLowering.transformFunctionFlat(JvmValueClassAbstractLowering.kt:48)
	at org.jetbrains.kotlin.backend.jvm.lower.JvmValueClassAbstractLowering.visitStatementContainer$backend_jvm_lower(JvmValueClassAbstractLowering.kt:146)
	at org.jetbrains.kotlin.backend.jvm.lower.JvmValueClassAbstractLowering.visitContainerExpression(JvmValueClassAbstractLowering.kt:158)
	at org.jetbrains.kotlin.ir.visitors.IrElementTransformerVoid.visitBlock(IrElementTransformerVoid.kt:169)
	at org.jetbrains.kotlin.backend.jvm.lower.JvmValueClassAbstractLowering.visitBlock(JvmValueClassAbstractLowering.kt:272)
	at org.jetbrains.kotlin.ir.visitors.IrElementTransformerVoid.visitBlock(IrElementTransformerVoid.kt:170)
	at org.jetbrains.kotlin.ir.visitors.IrElementTransformerVoid.visitBlock(IrElementTransformerVoid.kt:24)
	at org.jetbrains.kotlin.ir.expressions.IrBlock.accept(IrBlock.kt:20)
	at org.jetbrains.kotlin.ir.expressions.IrExpression.transform(IrExpression.kt:31)
	at org.jetbrains.kotlin.ir.expressions.IrExpression.transform(IrExpression.kt:22)
	at org.jetbrains.kotlin.ir.util.TransformKt.transformInPlace(transform.kt:45)
	at org.jetbrains.kotlin.ir.expressions.IrMemberAccessExpression.transformChildren(IrMemberAccessExpression.kt:50)
	at org.jetbrains.kotlin.ir.visitors.IrElementTransformerVoid.visitExpression(IrElementTransformerVoid.kt:131)
	at org.jetbrains.kotlin.backend.jvm.lower.JvmValueClassAbstractLowering.visitExpression(JvmValueClassAbstractLowering.kt:264)
	at org.jetbrains.kotlin.ir.visitors.IrElementTransformerVoid.visitDeclarationReference(IrElementTransformerVoid.kt:178)
	at org.jetbrains.kotlin.backend.jvm.lower.JvmValueClassAbstractLowering.visitDeclarationReference(JvmValueClassAbstractLowering.kt:274)
	at org.jetbrains.kotlin.ir.visitors.IrElementTransformerVoid.visitMemberAccess(IrElementTransformerVoid.kt:208)
	at org.jetbrains.kotlin.backend.jvm.lower.JvmValueClassAbstractLowering.visitMemberAccess(JvmValueClassAbstractLowering.kt:280)
	at org.jetbrains.kotlin.ir.visitors.IrElementTransformerVoid.visitFunctionAccess(IrElementTransformerVoid.kt:211)
	at org.jetbrains.kotlin.backend.jvm.lower.JvmInlineClassLowering.visitFunctionAccess(JvmInlineClassLowering.kt:242)
	at org.jetbrains.kotlin.ir.visitors.IrElementTransformerVoid.visitCall(IrElementTransformerVoid.kt:214)
	at org.jetbrains.kotlin.backend.jvm.lower.JvmInlineClassLowering.visitCall(JvmInlineClassLowering.kt:361)
	at org.jetbrains.kotlin.ir.visitors.IrElementTransformerVoid.visitCall(IrElementTransformerVoid.kt:215)
	at org.jetbrains.kotlin.ir.visitors.IrElementTransformerVoid.visitCall(IrElementTransformerVoid.kt:24)
	at org.jetbrains.kotlin.ir.expressions.IrCall.accept(IrCall.kt:26)
	at org.jetbrains.kotlin.ir.expressions.IrExpression.transform(IrExpression.kt:31)
	at org.jetbrains.kotlin.ir.expressions.IrExpression.transform(IrExpression.kt:22)
	at org.jetbrains.kotlin.ir.IrElementsKt.transformStatement(IrElements.kt:11)
	at org.jetbrains.kotlin.backend.jvm.lower.JvmValueClassAbstractLowering.visitStatementContainer$backend_jvm_lower(JvmValueClassAbstractLowering.kt:147)
	at org.jetbrains.kotlin.backend.jvm.lower.JvmValueClassAbstractLowering.visitContainerExpression(JvmValueClassAbstractLowering.kt:158)
	at org.jetbrains.kotlin.ir.visitors.IrElementTransformerVoid.visitBlock(IrElementTransformerVoid.kt:169)
	at org.jetbrains.kotlin.backend.jvm.lower.JvmValueClassAbstractLowering.visitBlock(JvmValueClassAbstractLowering.kt:272)
	at org.jetbrains.kotlin.ir.visitors.IrElementTransformerVoid.visitBlock(IrElementTransformerVoid.kt:170)
	at org.jetbrains.kotlin.ir.visitors.IrElementTransformerVoid.visitBlock(IrElementTransformerVoid.kt:24)
	at org.jetbrains.kotlin.ir.expressions.IrBlock.accept(IrBlock.kt:20)
	at org.jetbrains.kotlin.ir.expressions.IrExpression.transform(IrExpression.kt:31)
	at org.jetbrains.kotlin.ir.expressions.IrExpression.transform(IrExpression.kt:22)
	at org.jetbrains.kotlin.ir.IrElementsKt.transformStatement(IrElements.kt:11)
	at org.jetbrains.kotlin.backend.jvm.lower.JvmValueClassAbstractLowering.visitStatementContainer$backend_jvm_lower(JvmValueClassAbstractLowering.kt:147)
	at org.jetbrains.kotlin.backend.jvm.lower.JvmValueClassAbstractLowering.visitContainerExpression(JvmValueClassAbstractLowering.kt:158)
	at org.jetbrains.kotlin.ir.visitors.IrElementTransformerVoid.visitBlock(IrElementTransformerVoid.kt:169)
	at org.jetbrains.kotlin.backend.jvm.lower.JvmValueClassAbstractLowering.visitBlock(JvmValueClassAbstractLowering.kt:272)
	at org.jetbrains.kotlin.ir.visitors.IrElementTransformerVoid.visitBlock(IrElementTransformerVoid.kt:170)
	at org.jetbrains.kotlin.ir.visitors.IrElementTransformerVoid.visitBlock(IrElementTransformerVoid.kt:24)
	at org.jetbrains.kotlin.ir.expressions.IrBlock.accept(IrBlock.kt:20)
	at org.jetbrains.kotlin.ir.expressions.IrExpression.transform(IrExpression.kt:31)
	at org.jetbrains.kotlin.ir.expressions.IrBranch.transformChildren(IrBranch.kt:39)
	at org.jetbrains.kotlin.ir.visitors.IrElementTransformerVoid.visitBranch(IrElementTransformerVoid.kt:267)
	at org.jetbrains.kotlin.backend.jvm.lower.JvmValueClassAbstractLowering.visitBranch(JvmValueClassAbstractLowering.kt:298)
	at org.jetbrains.kotlin.ir.visitors.IrElementTransformerVoid.visitBranch(IrElementTransformerVoid.kt:271)
	at org.jetbrains.kotlin.ir.visitors.IrElementTransformerVoid.visitBranch(IrElementTransformerVoid.kt:24)
	at org.jetbrains.kotlin.ir.expressions.IrBranch.accept(IrBranch.kt:27)
	at org.jetbrains.kotlin.ir.expressions.IrBranch.transform(IrBranch.kt:30)
	at org.jetbrains.kotlin.ir.expressions.IrBranch.transform(IrBranch.kt:21)
	at org.jetbrains.kotlin.ir.util.TransformKt.transformInPlace(transform.kt:35)
	at org.jetbrains.kotlin.ir.expressions.IrWhen.transformChildren(IrWhen.kt:33)
	at org.jetbrains.kotlin.ir.visitors.IrElementTransformerVoid.visitExpression(IrElementTransformerVoid.kt:131)
	at org.jetbrains.kotlin.backend.jvm.lower.JvmValueClassAbstractLowering.visitExpression(JvmValueClassAbstractLowering.kt:264)
	at org.jetbrains.kotlin.ir.visitors.IrElementTransformerVoid.visitWhen(IrElementTransformerVoid.kt:263)
	at org.jetbrains.kotlin.backend.jvm.lower.JvmValueClassAbstractLowering.visitWhen(JvmValueClassAbstractLowering.kt:297)
	at org.jetbrains.kotlin.ir.visitors.IrElementTransformerVoid.visitWhen(IrElementTransformerVoid.kt:264)
	at org.jetbrains.kotlin.ir.visitors.IrElementTransformerVoid.visitWhen(IrElementTransformerVoid.kt:24)
	at org.jetbrains.kotlin.ir.expressions.IrWhen.accept(IrWhen.kt:26)
	at org.jetbrains.kotlin.ir.expressions.IrExpression.transform(IrExpression.kt:31)
	at org.jetbrains.kotlin.ir.expressions.IrExpression.transform(IrExpression.kt:22)
	at org.jetbrains.kotlin.ir.IrElementsKt.transformStatement(IrElements.kt:11)
	at org.jetbrains.kotlin.backend.jvm.lower.JvmValueClassAbstractLowering.visitStatementContainer$backend_jvm_lower(JvmValueClassAbstractLowering.kt:147)
	at org.jetbrains.kotlin.backend.jvm.lower.JvmValueClassAbstractLowering.visitContainerExpression(JvmValueClassAbstractLowering.kt:158)
	at org.jetbrains.kotlin.ir.visitors.IrElementTransformerVoid.visitBlock(IrElementTransformerVoid.kt:169)
	at org.jetbrains.kotlin.backend.jvm.lower.JvmValueClassAbstractLowering.visitBlock(JvmValueClassAbstractLowering.kt:272)
	at org.jetbrains.kotlin.ir.visitors.IrElementTransformerVoid.visitBlock(IrElementTransformerVoid.kt:170)
	at org.jetbrains.kotlin.ir.visitors.IrElementTransformerVoid.visitBlock(IrElementTransformerVoid.kt:24)
	at org.jetbrains.kotlin.ir.expressions.IrBlock.accept(IrBlock.kt:20)
	at org.jetbrains.kotlin.ir.expressions.IrExpression.transform(IrExpression.kt:31)
	at org.jetbrains.kotlin.ir.expressions.IrBranch.transformChildren(IrBranch.kt:39)
	at org.jetbrains.kotlin.ir.visitors.IrElementTransformerVoid.visitBranch(IrElementTransformerVoid.kt:267)
	at org.jetbrains.kotlin.backend.jvm.lower.JvmValueClassAbstractLowering.visitBranch(JvmValueClassAbstractLowering.kt:298)
	at org.jetbrains.kotlin.ir.visitors.IrElementTransformerVoid.visitBranch(IrElementTransformerVoid.kt:271)
	at org.jetbrains.kotlin.ir.visitors.IrElementTransformerVoid.visitBranch(IrElementTransformerVoid.kt:24)
	at org.jetbrains.kotlin.ir.expressions.IrBranch.accept(IrBranch.kt:27)
	at org.jetbrains.kotlin.ir.expressions.IrBranch.transform(IrBranch.kt:30)
	at org.jetbrains.kotlin.ir.expressions.IrBranch.transform(IrBranch.kt:21)
	at org.jetbrains.kotlin.ir.util.TransformKt.transformInPlace(transform.kt:35)
	at org.jetbrains.kotlin.ir.expressions.IrWhen.transformChildren(IrWhen.kt:33)
	at org.jetbrains.kotlin.ir.visitors.IrElementTransformerVoid.visitExpression(IrElementTransformerVoid.kt:131)
	at org.jetbrains.kotlin.backend.jvm.lower.JvmValueClassAbstractLowering.visitExpression(JvmValueClassAbstractLowering.kt:264)
	at org.jetbrains.kotlin.ir.visitors.IrElementTransformerVoid.visitWhen(IrElementTransformerVoid.kt:263)
	at org.jetbrains.kotlin.backend.jvm.lower.JvmValueClassAbstractLowering.visitWhen(JvmValueClassAbstractLowering.kt:297)
	at org.jetbrains.kotlin.ir.visitors.IrElementTransformerVoid.visitWhen(IrElementTransformerVoid.kt:264)
	at org.jetbrains.kotlin.ir.visitors.IrElementTransformerVoid.visitWhen(IrElementTransformerVoid.kt:24)
	at org.jetbrains.kotlin.ir.expressions.IrWhen.accept(IrWhen.kt:26)
	at org.jetbrains.kotlin.ir.expressions.IrExpression.transform(IrExpression.kt:31)
	at org.jetbrains.kotlin.ir.expressions.IrExpression.transform(IrExpression.kt:22)
	at org.jetbrains.kotlin.ir.IrElementsKt.transformStatement(IrElements.kt:11)
	at org.jetbrains.kotlin.backend.jvm.lower.JvmValueClassAbstractLowering.visitStatementContainer$backend_jvm_lower(JvmValueClassAbstractLowering.kt:147)
	at org.jetbrains.kotlin.backend.jvm.lower.JvmValueClassAbstractLowering.visitBlockBody(JvmValueClassAbstractLowering.kt:163)
	at org.jetbrains.kotlin.ir.visitors.IrElementTransformerVoid.visitBlockBody(IrElementTransformerVoid.kt:118)
	at org.jetbrains.kotlin.ir.visitors.IrElementTransformerVoid.visitBlockBody(IrElementTransformerVoid.kt:24)
	at org.jetbrains.kotlin.ir.expressions.IrBlockBody.accept(IrBlockBody.kt:25)
	at org.jetbrains.kotlin.ir.expressions.IrBody.transform(IrBody.kt:22)
	at org.jetbrains.kotlin.ir.declarations.IrFunction.transformChildren(IrFunction.kt:62)
	at org.jetbrains.kotlin.ir.visitors.IrElementTransformerVoidKt.transformChildrenVoid(IrElementTransformerVoid.kt:346)
	at org.jetbrains.kotlin.ir.visitors.IrElementTransformerVoid.transformChildrenVoid(IrElementTransformerVoid.kt:341)
	at org.jetbrains.kotlin.backend.jvm.lower.JvmValueClassAbstractLowering.transformFunctionFlat(JvmValueClassAbstractLowering.kt:48)
	at org.jetbrains.kotlin.backend.jvm.lower.JvmInlineClassLowering$visitClassNew$2.invoke(JvmInlineClassLowering.kt:96)
	at org.jetbrains.kotlin.backend.jvm.lower.JvmInlineClassLowering$visitClassNew$2.invoke(JvmInlineClassLowering.kt:93)
	at org.jetbrains.kotlin.ir.util.TransformKt.transformDeclarationsFlat(transform.kt:105)
	at org.jetbrains.kotlin.backend.jvm.lower.JvmInlineClassLowering.visitClassNew(JvmInlineClassLowering.kt:93)
	at org.jetbrains.kotlin.backend.jvm.lower.JvmInlineClassLowering.visitClassNew(JvmInlineClassLowering.kt:53)
	at org.jetbrains.kotlin.backend.common.IrElementTransformerVoidWithContext.visitClass(IrElementTransformerVoidWithContext.kt:62)
	at org.jetbrains.kotlin.ir.visitors.IrElementTransformerVoid.visitClass(IrElementTransformerVoid.kt:67)
	at org.jetbrains.kotlin.ir.visitors.IrElementTransformerVoid.visitClass(IrElementTransformerVoid.kt:24)
	at org.jetbrains.kotlin.ir.declarations.IrClass.accept(IrClass.kt:73)
	at org.jetbrains.kotlin.ir.IrElementBase.transform(IrElementBase.kt:24)
	at org.jetbrains.kotlin.ir.util.TransformKt.transformInPlace(transform.kt:35)
	at org.jetbrains.kotlin.ir.declarations.IrFile.transformChildren(IrFile.kt:41)
	at org.jetbrains.kotlin.ir.visitors.IrElementTransformerVoidKt.transformChildrenVoid(IrElementTransformerVoid.kt:346)
	at org.jetbrains.kotlin.ir.visitors.IrElementTransformerVoid.transformChildrenVoid(IrElementTransformerVoid.kt:341)
	at org.jetbrains.kotlin.backend.jvm.lower.JvmValueClassAbstractLowering.lower(JvmValueClassAbstractLowering.kt:26)
	at org.jetbrains.kotlin.backend.common.phaser.FileLoweringPhaseAdapter.invoke(PhaseBuilders.kt:120)
	at org.jetbrains.kotlin.backend.common.phaser.FileLoweringPhaseAdapter.invoke(PhaseBuilders.kt:116)
	at org.jetbrains.kotlin.backend.common.phaser.NamedCompilerPhase.phaseBody(CompilerPhase.kt:147)
	at org.jetbrains.kotlin.backend.common.phaser.AbstractNamedCompilerPhase.invoke(CompilerPhase.kt:94)
	at org.jetbrains.kotlin.backend.common.phaser.PerformByIrFilePhase.invokeSequential(performByIrFile.kt:62)
	... 45 more


